  Building Custom Rule C:/Users/zelator/Documents/ArcV-master/CMakeLists.txt
  CMake does not need to re-run because C:/Users/zelator/Documents/ArcV-master/build/CMakeFiles/generate.stamp is up-to-date.
  glew.c
c:\users\zelator\documents\arcv-master\extern\glew\src\glew.c(16221): warning C4456: declaration of 'n' hides previous local declaration
  c:\users\zelator\documents\arcv-master\extern\glew\src\glew.c(16165): note: see declaration of 'n'
  context.c
c:\users\zelator\documents\arcv-master\extern\glfw\deps\mingw\xinput.h(227): warning C4131: 'XInputEnable': uses old-style declarator
c:\users\zelator\documents\arcv-master\extern\glfw\src\context.c(377): warning C4996: 'sscanf': This function or variable may be unsafe. Consider using sscanf_s instead. To disable deprecation, use _CRT_SECURE_NO_WARNINGS. See online help for details.
  c:\program files (x86)\windows kits\10\include\10.0.17134.0\ucrt\stdio.h(2263): note: see declaration of 'sscanf'
  egl_context.c
c:\users\zelator\documents\arcv-master\extern\glfw\deps\mingw\xinput.h(227): warning C4131: 'XInputEnable': uses old-style declarator
  init.c
c:\users\zelator\documents\arcv-master\extern\glfw\deps\mingw\xinput.h(227): warning C4131: 'XInputEnable': uses old-style declarator
c:\users\zelator\documents\arcv-master\extern\glfw\src\init.c(197): warning C4152: nonstandard extension, function/data pointer conversion in expression
  input.c
c:\users\zelator\documents\arcv-master\extern\glfw\deps\mingw\xinput.h(227): warning C4131: 'XInputEnable': uses old-style declarator
c:\users\zelator\documents\arcv-master\extern\glfw\src\input.c(465): warning C4152: nonstandard extension, function/data pointer conversion in expression
c:\users\zelator\documents\arcv-master\extern\glfw\src\input.c(475): warning C4152: nonstandard extension, function/data pointer conversion in expression
c:\users\zelator\documents\arcv-master\extern\glfw\src\input.c(485): warning C4152: nonstandard extension, function/data pointer conversion in expression
c:\users\zelator\documents\arcv-master\extern\glfw\src\input.c(496): warning C4152: nonstandard extension, function/data pointer conversion in expression
c:\users\zelator\documents\arcv-master\extern\glfw\src\input.c(507): warning C4152: nonstandard extension, function/data pointer conversion in expression
c:\users\zelator\documents\arcv-master\extern\glfw\src\input.c(518): warning C4152: nonstandard extension, function/data pointer conversion in expression
c:\users\zelator\documents\arcv-master\extern\glfw\src\input.c(529): warning C4152: nonstandard extension, function/data pointer conversion in expression
c:\users\zelator\documents\arcv-master\extern\glfw\src\input.c(539): warning C4152: nonstandard extension, function/data pointer conversion in expression
c:\users\zelator\documents\arcv-master\extern\glfw\src\input.c(604): warning C4152: nonstandard extension, function/data pointer conversion in expression
  monitor.c
c:\users\zelator\documents\arcv-master\extern\glfw\deps\mingw\xinput.h(227): warning C4131: 'XInputEnable': uses old-style declarator
c:\users\zelator\documents\arcv-master\extern\glfw\src\monitor.c(370): warning C4152: nonstandard extension, function/data pointer conversion in expression
  vulkan.c
c:\users\zelator\documents\arcv-master\extern\glfw\deps\mingw\xinput.h(227): warning C4131: 'XInputEnable': uses old-style declarator
  wgl_context.c
c:\users\zelator\documents\arcv-master\extern\glfw\deps\mingw\xinput.h(227): warning C4131: 'XInputEnable': uses old-style declarator
  win32_init.c
c:\users\zelator\documents\arcv-master\extern\glfw\deps\mingw\xinput.h(227): warning C4131: 'XInputEnable': uses old-style declarator
c:\users\zelator\documents\arcv-master\extern\glfw\src\win32_init.c(299): warning C4244: '=': conversion from 'int' to 'short', possible loss of data
  win32_joystick.c
c:\users\zelator\documents\arcv-master\extern\glfw\deps\mingw\xinput.h(227): warning C4131: 'XInputEnable': uses old-style declarator
c:\users\zelator\documents\arcv-master\extern\glfw\src\win32_joystick.c(333): warning C4100: 'user': unreferenced formal parameter
  win32_monitor.c
c:\users\zelator\documents\arcv-master\extern\glfw\deps\mingw\xinput.h(227): warning C4131: 'XInputEnable': uses old-style declarator
c:\users\zelator\documents\arcv-master\extern\glfw\src\win32_monitor.c(68): warning C4996: 'wcscpy': This function or variable may be unsafe. Consider using wcscpy_s instead. To disable deprecation, use _CRT_SECURE_NO_WARNINGS. See online help for details.
  c:\program files (x86)\windows kits\10\include\10.0.17134.0\ucrt\corecrt_wstring.h(123): note: see declaration of 'wcscpy'
c:\users\zelator\documents\arcv-master\extern\glfw\src\win32_monitor.c(77): warning C4996: 'wcscpy': This function or variable may be unsafe. Consider using wcscpy_s instead. To disable deprecation, use _CRT_SECURE_NO_WARNINGS. See online help for details.
  c:\program files (x86)\windows kits\10\include\10.0.17134.0\ucrt\corecrt_wstring.h(123): note: see declaration of 'wcscpy'
  win32_time.c
c:\users\zelator\documents\arcv-master\extern\glfw\deps\mingw\xinput.h(227): warning C4131: 'XInputEnable': uses old-style declarator
  win32_tls.c
c:\users\zelator\documents\arcv-master\extern\glfw\deps\mingw\xinput.h(227): warning C4131: 'XInputEnable': uses old-style declarator
  win32_window.c
c:\users\zelator\documents\arcv-master\extern\glfw\deps\mingw\xinput.h(227): warning C4131: 'XInputEnable': uses old-style declarator
c:\users\zelator\documents\arcv-master\extern\glfw\src\win32_window.c(187): warning C4204: nonstandard extension used: non-constant aggregate initializer
c:\users\zelator\documents\arcv-master\extern\glfw\src\win32_window.c(1115): warning C4204: nonstandard extension used: non-constant aggregate initializer
c:\users\zelator\documents\arcv-master\extern\glfw\src\win32_window.c(1142): warning C4204: nonstandard extension used: non-constant aggregate initializer
c:\users\zelator\documents\arcv-master\extern\glfw\src\win32_window.c(1259): warning C4204: nonstandard extension used: non-constant aggregate initializer
c:\users\zelator\documents\arcv-master\extern\glfw\src\win32_window.c(1303): warning C4204: nonstandard extension used: non-constant aggregate initializer
c:\users\zelator\documents\arcv-master\extern\glfw\src\win32_window.c(1248): warning C4100: 'refreshRate': unreferenced formal parameter
c:\users\zelator\documents\arcv-master\extern\glfw\src\win32_window.c(1456): warning C4204: nonstandard extension used: non-constant aggregate initializer
c:\users\zelator\documents\arcv-master\extern\glfw\src\win32_window.c(1545): warning C4100: 'cursor': unreferenced formal parameter
c:\users\zelator\documents\arcv-master\extern\glfw\src\win32_window.c(1551): warning C4100: 'window': unreferenced formal parameter
c:\users\zelator\documents\arcv-master\extern\glfw\src\win32_window.c(1598): warning C4100: 'window': unreferenced formal parameter
  xkb_unicode.c
c:\users\zelator\documents\arcv-master\extern\glfw\deps\mingw\xinput.h(227): warning C4131: 'XInputEnable': uses old-style declarator
  adler32.c
c:\users\zelator\documents\arcv-master\extern\png\adler32.c(64): warning C4131: 'adler32_z': uses old-style declarator
c:\users\zelator\documents\arcv-master\extern\png\adler32.c(135): warning C4131: 'adler32': uses old-style declarator
c:\users\zelator\documents\arcv-master\extern\png\adler32.c(144): warning C4131: 'adler32_combine_': uses old-style declarator
c:\users\zelator\documents\arcv-master\extern\png\adler32.c(173): warning C4131: 'adler32_combine': uses old-style declarator
c:\users\zelator\documents\arcv-master\extern\png\adler32.c(181): warning C4131: 'adler32_combine64': uses old-style declarator
  compress.c
c:\users\zelator\documents\arcv-master\extern\png\compress.c(23): warning C4131: 'compress2': uses old-style declarator
c:\users\zelator\documents\arcv-master\extern\png\compress.c(69): warning C4131: 'compress': uses old-style declarator
c:\users\zelator\documents\arcv-master\extern\png\compress.c(82): warning C4131: 'compressBound': uses old-style declarator
  crc32.c
c:\users\zelator\documents\arcv-master\extern\png\crc32.c(203): warning C4131: 'crc32_z': uses old-style declarator
c:\users\zelator\documents\arcv-master\extern\png\crc32.c(215): warning C4127: conditional expression is constant
c:\users\zelator\documents\arcv-master\extern\png\crc32.c(238): warning C4131: 'crc32': uses old-style declarator
c:\users\zelator\documents\arcv-master\extern\png\crc32.c(267): warning C4131: 'crc32_little': uses old-style declarator
c:\users\zelator\documents\arcv-master\extern\png\crc32.c(307): warning C4131: 'crc32_big': uses old-style declarator
c:\users\zelator\documents\arcv-master\extern\png\crc32.c(345): warning C4131: 'gf2_matrix_times': uses old-style declarator
c:\users\zelator\documents\arcv-master\extern\png\crc32.c(362): warning C4131: 'gf2_matrix_square': uses old-style declarator
c:\users\zelator\documents\arcv-master\extern\png\crc32.c(373): warning C4131: 'crc32_combine_': uses old-style declarator
c:\users\zelator\documents\arcv-master\extern\png\crc32.c(429): warning C4131: 'crc32_combine': uses old-style declarator
c:\users\zelator\documents\arcv-master\extern\png\crc32.c(437): warning C4131: 'crc32_combine64': uses old-style declarator
  deflate.c
c:\users\zelator\documents\arcv-master\extern\png\deflate.c(202): warning C4131: 'slide_hash': uses old-style declarator
c:\users\zelator\documents\arcv-master\extern\png\deflate.c(229): warning C4131: 'deflateInit_': uses old-style declarator
c:\users\zelator\documents\arcv-master\extern\png\deflate.c(242): warning C4131: 'deflateInit2_': uses old-style declarator
c:\users\zelator\documents\arcv-master\extern\png\deflate.c(354): warning C4131: 'deflateStateCheck': uses old-style declarator
c:\users\zelator\documents\arcv-master\extern\png\deflate.c(377): warning C4131: 'deflateSetDictionary': uses old-style declarator
c:\users\zelator\documents\arcv-master\extern\png\deflate.c(446): warning C4131: 'deflateGetDictionary': uses old-style declarator
c:\users\zelator\documents\arcv-master\extern\png\deflate.c(468): warning C4131: 'deflateResetKeep': uses old-style declarator
c:\users\zelator\documents\arcv-master\extern\png\deflate.c(506): warning C4131: 'deflateReset': uses old-style declarator
c:\users\zelator\documents\arcv-master\extern\png\deflate.c(518): warning C4131: 'deflateSetHeader': uses old-style declarator
c:\users\zelator\documents\arcv-master\extern\png\deflate.c(529): warning C4131: 'deflatePending': uses old-style declarator
c:\users\zelator\documents\arcv-master\extern\png\deflate.c(543): warning C4131: 'deflatePrime': uses old-style declarator
c:\users\zelator\documents\arcv-master\extern\png\deflate.c(569): warning C4131: 'deflateParams': uses old-style declarator
c:\users\zelator\documents\arcv-master\extern\png\deflate.c(618): warning C4131: 'deflateTune': uses old-style declarator
c:\users\zelator\documents\arcv-master\extern\png\deflate.c(653): warning C4131: 'deflateBound': uses old-style declarator
c:\users\zelator\documents\arcv-master\extern\png\deflate.c(717): warning C4131: 'putShortMSB': uses old-style declarator
c:\users\zelator\documents\arcv-master\extern\png\deflate.c(731): warning C4131: 'flush_pending': uses old-style declarator
c:\users\zelator\documents\arcv-master\extern\png\deflate.c(764): warning C4131: 'deflate': uses old-style declarator
c:\users\zelator\documents\arcv-master\extern\png\deflate.c(1077): warning C4131: 'deflateEnd': uses old-style declarator
c:\users\zelator\documents\arcv-master\extern\png\deflate.c(1103): warning C4131: 'deflateCopy': uses old-style declarator
c:\users\zelator\documents\arcv-master\extern\png\deflate.c(1165): warning C4131: 'read_buf': uses old-style declarator
c:\users\zelator\documents\arcv-master\extern\png\deflate.c(1195): warning C4131: 'lm_init': uses old-style declarator
c:\users\zelator\documents\arcv-master\extern\png\deflate.c(1237): warning C4131: 'longest_match': uses old-style declarator
c:\users\zelator\documents\arcv-master\extern\png\deflate.c(1483): warning C4131: 'fill_window': uses old-style declarator
c:\users\zelator\documents\arcv-master\extern\png\deflate.c(1495): warning C4127: conditional expression is constant
c:\users\zelator\documents\arcv-master\extern\png\deflate.c(1644): warning C4131: 'deflate_stored': uses old-style declarator
c:\users\zelator\documents\arcv-master\extern\png\deflate.c(1693): warning C4244: '=': conversion from 'unsigned int' to 'Bytef', possible loss of data
c:\users\zelator\documents\arcv-master\extern\png\deflate.c(1694): warning C4244: '=': conversion from 'unsigned int' to 'Bytef', possible loss of data
c:\users\zelator\documents\arcv-master\extern\png\deflate.c(1695): warning C4244: '=': conversion from 'unsigned int' to 'Bytef', possible loss of data
c:\users\zelator\documents\arcv-master\extern\png\deflate.c(1696): warning C4244: '=': conversion from 'unsigned int' to 'Bytef', possible loss of data
c:\users\zelator\documents\arcv-master\extern\png\deflate.c(1825): warning C4131: 'deflate_fast': uses old-style declarator
c:\users\zelator\documents\arcv-master\extern\png\deflate.c(1927): warning C4131: 'deflate_slow': uses old-style declarator
c:\users\zelator\documents\arcv-master\extern\png\deflate.c(2058): warning C4131: 'deflate_rle': uses old-style declarator
c:\users\zelator\documents\arcv-master\extern\png\deflate.c(2131): warning C4131: 'deflate_huff': uses old-style declarator
  gzclose.c
c:\users\zelator\documents\arcv-master\extern\png\gzclose.c(12): warning C4131: 'gzclose': uses old-style declarator
  Generating Code...
  Compiling...
  gzlib.c
c:\users\zelator\documents\arcv-master\extern\png\gzlib.c(76): warning C4131: 'gz_reset': uses old-style declarator
c:\users\zelator\documents\arcv-master\extern\png\gzlib.c(92): warning C4131: 'gz_open': uses old-style declarator
c:\users\zelator\documents\arcv-master\extern\png\gzlib.c(193): warning C4996: 'wcstombs': This function or variable may be unsafe. Consider using wcstombs_s instead. To disable deprecation, use _CRT_SECURE_NO_WARNINGS. See online help for details.
  c:\program files (x86)\windows kits\10\include\10.0.17134.0\ucrt\stdlib.h(1015): note: see declaration of 'wcstombs'
c:\users\zelator\documents\arcv-master\extern\png\gzlib.c(208): warning C4996: 'wcstombs': This function or variable may be unsafe. Consider using wcstombs_s instead. To disable deprecation, use _CRT_SECURE_NO_WARNINGS. See online help for details.
  c:\program files (x86)\windows kits\10\include\10.0.17134.0\ucrt\stdlib.h(1015): note: see declaration of 'wcstombs'
c:\users\zelator\documents\arcv-master\extern\png\gzlib.c(243): warning C4996: '_wopen': This function or variable may be unsafe. Consider using _wsopen_s instead. To disable deprecation, use _CRT_SECURE_NO_WARNINGS. See online help for details.
  c:\program files (x86)\windows kits\10\include\10.0.17134.0\ucrt\corecrt_wio.h(255): note: see declaration of '_wopen'
c:\users\zelator\documents\arcv-master\extern\png\gzlib.c(245): warning C4996: 'open': The POSIX name for this item is deprecated. Instead, use the ISO C and C++ conformant name: _open. See online help for details.
  c:\program files (x86)\windows kits\10\include\10.0.17134.0\ucrt\corecrt_io.h(516): note: see declaration of 'open'
c:\users\zelator\documents\arcv-master\extern\png\gzlib.c(271): warning C4131: 'gzopen': uses old-style declarator
c:\users\zelator\documents\arcv-master\extern\png\gzlib.c(279): warning C4131: 'gzopen64': uses old-style declarator
c:\users\zelator\documents\arcv-master\extern\png\gzlib.c(287): warning C4131: 'gzdopen': uses old-style declarator
c:\users\zelator\documents\arcv-master\extern\png\gzlib.c(308): warning C4131: 'gzopen_w': uses old-style declarator
c:\users\zelator\documents\arcv-master\extern\png\gzlib.c(317): warning C4131: 'gzbuffer': uses old-style declarator
c:\users\zelator\documents\arcv-master\extern\png\gzlib.c(344): warning C4131: 'gzrewind': uses old-style declarator
c:\users\zelator\documents\arcv-master\extern\png\gzlib.c(367): warning C4131: 'gzseek64': uses old-style declarator
c:\users\zelator\documents\arcv-master\extern\png\gzlib.c(444): warning C4131: 'gzseek': uses old-style declarator
c:\users\zelator\documents\arcv-master\extern\png\gzlib.c(456): warning C4131: 'gztell64': uses old-style declarator
c:\users\zelator\documents\arcv-master\extern\png\gzlib.c(473): warning C4131: 'gztell': uses old-style declarator
c:\users\zelator\documents\arcv-master\extern\png\gzlib.c(483): warning C4131: 'gzoffset64': uses old-style declarator
c:\users\zelator\documents\arcv-master\extern\png\gzlib.c(506): warning C4131: 'gzoffset': uses old-style declarator
c:\users\zelator\documents\arcv-master\extern\png\gzlib.c(516): warning C4131: 'gzeof': uses old-style declarator
c:\users\zelator\documents\arcv-master\extern\png\gzlib.c(533): warning C4131: 'gzerror': uses old-style declarator
c:\users\zelator\documents\arcv-master\extern\png\gzlib.c(554): warning C4131: 'gzclearerr': uses old-style declarator
c:\users\zelator\documents\arcv-master\extern\png\gzlib.c(580): warning C4131: 'gz_error': uses old-style declarator
  gzread.c
c:\users\zelator\documents\arcv-master\extern\png\gzread.c(22): warning C4131: 'gz_load': uses old-style declarator
c:\users\zelator\documents\arcv-master\extern\png\gzread.c(35): warning C4996: 'read': The POSIX name for this item is deprecated. Instead, use the ISO C and C++ conformant name: _read. See online help for details.
  c:\program files (x86)\windows kits\10\include\10.0.17134.0\ucrt\corecrt_io.h(523): note: see declaration of 'read'
c:\users\zelator\documents\arcv-master\extern\png\gzread.c(41): warning C4996: 'strerror': This function or variable may be unsafe. Consider using strerror_s instead. To disable deprecation, use _CRT_SECURE_NO_WARNINGS. See online help for details.
  c:\program files (x86)\windows kits\10\include\10.0.17134.0\ucrt\string.h(182): note: see declaration of 'strerror'
c:\users\zelator\documents\arcv-master\extern\png\gzread.c(57): warning C4131: 'gz_avail': uses old-style declarator
c:\users\zelator\documents\arcv-master\extern\png\gzread.c(92): warning C4131: 'gz_look': uses old-style declarator
c:\users\zelator\documents\arcv-master\extern\png\gzread.c(176): warning C4131: 'gz_decomp': uses old-style declarator
c:\users\zelator\documents\arcv-master\extern\png\gzread.c(230): warning C4131: 'gz_fetch': uses old-style declarator
c:\users\zelator\documents\arcv-master\extern\png\gzread.c(260): warning C4131: 'gz_skip': uses old-style declarator
c:\users\zelator\documents\arcv-master\extern\png\gzread.c(295): warning C4131: 'gz_read': uses old-style declarator
c:\users\zelator\documents\arcv-master\extern\png\gzread.c(317): warning C4245: '=': conversion from 'int' to 'unsigned int', signed/unsigned mismatch
c:\users\zelator\documents\arcv-master\extern\png\gzread.c(376): warning C4131: 'gzread': uses old-style declarator
c:\users\zelator\documents\arcv-master\extern\png\gzread.c(412): warning C4131: 'gzfread': uses old-style declarator
c:\users\zelator\documents\arcv-master\extern\png\gzread.c(448): warning C4131: 'gzgetc': uses old-style declarator
c:\users\zelator\documents\arcv-master\extern\png\gzread.c(477): warning C4131: 'gzgetc_': uses old-style declarator
c:\users\zelator\documents\arcv-master\extern\png\gzread.c(484): warning C4131: 'gzungetc': uses old-style declarator
c:\users\zelator\documents\arcv-master\extern\png\gzread.c(544): warning C4131: 'gzgets': uses old-style declarator
c:\users\zelator\documents\arcv-master\extern\png\gzread.c(608): warning C4131: 'gzdirect': uses old-style declarator
c:\users\zelator\documents\arcv-master\extern\png\gzread.c(628): warning C4131: 'gzclose_r': uses old-style declarator
c:\users\zelator\documents\arcv-master\extern\png\gzread.c(651): warning C4996: 'close': The POSIX name for this item is deprecated. Instead, use the ISO C and C++ conformant name: _close. See online help for details.
  c:\program files (x86)\windows kits\10\include\10.0.17134.0\ucrt\corecrt_io.h(459): note: see declaration of 'close'
  gzwrite.c
c:\users\zelator\documents\arcv-master\extern\png\gzwrite.c(18): warning C4131: 'gz_init': uses old-style declarator
c:\users\zelator\documents\arcv-master\extern\png\gzwrite.c(74): warning C4131: 'gz_comp': uses old-style declarator
c:\users\zelator\documents\arcv-master\extern\png\gzwrite.c(89): warning C4996: 'write': The POSIX name for this item is deprecated. Instead, use the ISO C and C++ conformant name: _write. See online help for details.
  c:\program files (x86)\windows kits\10\include\10.0.17134.0\ucrt\corecrt_io.h(558): note: see declaration of 'write'
c:\users\zelator\documents\arcv-master\extern\png\gzwrite.c(91): warning C4996: 'strerror': This function or variable may be unsafe. Consider using strerror_s instead. To disable deprecation, use _CRT_SECURE_NO_WARNINGS. See online help for details.
  c:\program files (x86)\windows kits\10\include\10.0.17134.0\ucrt\string.h(182): note: see declaration of 'strerror'
c:\users\zelator\documents\arcv-master\extern\png\gzwrite.c(110): warning C4996: 'write': The POSIX name for this item is deprecated. Instead, use the ISO C and C++ conformant name: _write. See online help for details.
  c:\program files (x86)\windows kits\10\include\10.0.17134.0\ucrt\corecrt_io.h(558): note: see declaration of 'write'
c:\users\zelator\documents\arcv-master\extern\png\gzwrite.c(112): warning C4996: 'strerror': This function or variable may be unsafe. Consider using strerror_s instead. To disable deprecation, use _CRT_SECURE_NO_WARNINGS. See online help for details.
  c:\program files (x86)\windows kits\10\include\10.0.17134.0\ucrt\string.h(182): note: see declaration of 'strerror'
c:\users\zelator\documents\arcv-master\extern\png\gzwrite.c(146): warning C4131: 'gz_zero': uses old-style declarator
c:\users\zelator\documents\arcv-master\extern\png\gzwrite.c(179): warning C4131: 'gz_write': uses old-style declarator
c:\users\zelator\documents\arcv-master\extern\png\gzwrite.c(247): warning C4131: 'gzwrite': uses old-style declarator
c:\users\zelator\documents\arcv-master\extern\png\gzwrite.c(275): warning C4131: 'gzfwrite': uses old-style declarator
c:\users\zelator\documents\arcv-master\extern\png\gzwrite.c(305): warning C4131: 'gzputc': uses old-style declarator
c:\users\zelator\documents\arcv-master\extern\png\gzwrite.c(353): warning C4131: 'gzputs': uses old-style declarator
c:\users\zelator\documents\arcv-master\extern\png\gzwrite.c(554): warning C4131: 'gzflush': uses old-style declarator
c:\users\zelator\documents\arcv-master\extern\png\gzwrite.c(586): warning C4131: 'gzsetparams': uses old-style declarator
c:\users\zelator\documents\arcv-master\extern\png\gzwrite.c(628): warning C4131: 'gzclose_w': uses old-style declarator
c:\users\zelator\documents\arcv-master\extern\png\gzwrite.c(661): warning C4996: 'close': The POSIX name for this item is deprecated. Instead, use the ISO C and C++ conformant name: _close. See online help for details.
  c:\program files (x86)\windows kits\10\include\10.0.17134.0\ucrt\corecrt_io.h(459): note: see declaration of 'close'
  infback.c
c:\users\zelator\documents\arcv-master\extern\png\infback.c(29): warning C4131: 'inflateBackInit_': uses old-style declarator
c:\users\zelator\documents\arcv-master\extern\png\infback.c(83): warning C4131: 'fixedtables': uses old-style declarator
c:\users\zelator\documents\arcv-master\extern\png\infback.c(251): warning C4131: 'inflateBack': uses old-style declarator
c:\users\zelator\documents\arcv-master\extern\png\infback.c(632): warning C4131: 'inflateBackEnd': uses old-style declarator
  inffast.c
c:\users\zelator\documents\arcv-master\extern\png\inffast.c(51): warning C4131: 'inflate_fast': uses old-style declarator
  inflate.c
c:\users\zelator\documents\arcv-master\extern\png\inflate.c(106): warning C4131: 'inflateStateCheck': uses old-style declarator
c:\users\zelator\documents\arcv-master\extern\png\inflate.c(120): warning C4131: 'inflateResetKeep': uses old-style declarator
c:\users\zelator\documents\arcv-master\extern\png\inflate.c(145): warning C4131: 'inflateReset': uses old-style declarator
c:\users\zelator\documents\arcv-master\extern\png\inflate.c(158): warning C4131: 'inflateReset2': uses old-style declarator
c:\users\zelator\documents\arcv-master\extern\png\inflate.c(196): warning C4131: 'inflateInit2_': uses old-style declarator
c:\users\zelator\documents\arcv-master\extern\png\inflate.c(240): warning C4131: 'inflateInit_': uses old-style declarator
c:\users\zelator\documents\arcv-master\extern\png\inflate.c(248): warning C4131: 'inflatePrime': uses old-style declarator
c:\users\zelator\documents\arcv-master\extern\png\inflate.c(279): warning C4131: 'fixedtables': uses old-style declarator
c:\users\zelator\documents\arcv-master\extern\png\inflate.c(397): warning C4131: 'updatewindow': uses old-style declarator
c:\users\zelator\documents\arcv-master\extern\png\inflate.c(623): warning C4131: 'inflate': uses old-style declarator
c:\users\zelator\documents\arcv-master\extern\png\inflate.c(1278): warning C4131: 'inflateEnd': uses old-style declarator
c:\users\zelator\documents\arcv-master\extern\png\inflate.c(1292): warning C4131: 'inflateGetDictionary': uses old-style declarator
c:\users\zelator\documents\arcv-master\extern\png\inflate.c(1315): warning C4131: 'inflateSetDictionary': uses old-style declarator
c:\users\zelator\documents\arcv-master\extern\png\inflate.c(1350): warning C4131: 'inflateGetHeader': uses old-style declarator
c:\users\zelator\documents\arcv-master\extern\png\inflate.c(1378): warning C4131: 'syncsearch': uses old-style declarator
c:\users\zelator\documents\arcv-master\extern\png\inflate.c(1401): warning C4131: 'inflateSync': uses old-style declarator
c:\users\zelator\documents\arcv-master\extern\png\inflate.c(1452): warning C4131: 'inflateSyncPoint': uses old-style declarator
c:\users\zelator\documents\arcv-master\extern\png\inflate.c(1462): warning C4131: 'inflateCopy': uses old-style declarator
c:\users\zelator\documents\arcv-master\extern\png\inflate.c(1509): warning C4131: 'inflateUndermine': uses old-style declarator
c:\users\zelator\documents\arcv-master\extern\png\inflate.c(1527): warning C4131: 'inflateValidate': uses old-style declarator
c:\users\zelator\documents\arcv-master\extern\png\inflate.c(1542): warning C4131: 'inflateMark': uses old-style declarator
c:\users\zelator\documents\arcv-master\extern\png\inflate.c(1555): warning C4131: 'inflateCodesUsed': uses old-style declarator
  inftrees.c
c:\users\zelator\documents\arcv-master\extern\png\inftrees.c(33): warning C4131: 'inflate_table': uses old-style declarator
  png.c
  pngerror.c
  pngget.c
  pngmem.c
  pngpread.c
  pngread.c
c:\users\zelator\documents\arcv-master\extern\png\pngread.c(1491): warning C4996: 'fopen': This function or variable may be unsafe. Consider using fopen_s instead. To disable deprecation, use _CRT_SECURE_NO_WARNINGS. See online help for details.
  c:\program files (x86)\windows kits\10\include\10.0.17134.0\ucrt\stdio.h(208): note: see declaration of 'fopen'
c:\users\zelator\documents\arcv-master\extern\png\pngread.c(1507): warning C4996: 'strerror': This function or variable may be unsafe. Consider using strerror_s instead. To disable deprecation, use _CRT_SECURE_NO_WARNINGS. See online help for details.
  c:\program files (x86)\windows kits\10\include\10.0.17134.0\ucrt\string.h(182): note: see declaration of 'strerror'
  pngrio.c
  pngrtran.c
  pngrutil.c
  pngset.c
  pngtrans.c
  pngwio.c
  pngwrite.c
c:\users\zelator\documents\arcv-master\extern\png\pngwrite.c(480): warning C4996: 'gmtime': This function or variable may be unsafe. Consider using gmtime_s instead. To disable deprecation, use _CRT_SECURE_NO_WARNINGS. See online help for details.
  c:\program files (x86)\windows kits\10\include\10.0.17134.0\ucrt\time.h(496): note: see declaration of 'gmtime'
c:\users\zelator\documents\arcv-master\extern\png\pngwrite.c(2327): warning C4996: 'fopen': This function or variable may be unsafe. Consider using fopen_s instead. To disable deprecation, use _CRT_SECURE_NO_WARNINGS. See online help for details.
  c:\program files (x86)\windows kits\10\include\10.0.17134.0\ucrt\stdio.h(208): note: see declaration of 'fopen'
c:\users\zelator\documents\arcv-master\extern\png\pngwrite.c(2355): warning C4996: 'strerror': This function or variable may be unsafe. Consider using strerror_s instead. To disable deprecation, use _CRT_SECURE_NO_WARNINGS. See online help for details.
  c:\program files (x86)\windows kits\10\include\10.0.17134.0\ucrt\string.h(182): note: see declaration of 'strerror'
c:\users\zelator\documents\arcv-master\extern\png\pngwrite.c(2368): warning C4996: 'strerror': This function or variable may be unsafe. Consider using strerror_s instead. To disable deprecation, use _CRT_SECURE_NO_WARNINGS. See online help for details.
  c:\program files (x86)\windows kits\10\include\10.0.17134.0\ucrt\string.h(182): note: see declaration of 'strerror'
  Generating Code...
  Compiling...
  pngwtran.c
  pngwutil.c
  trees.c
c:\users\zelator\documents\arcv-master\extern\png\trees.c(380): warning C4131: '_tr_init': uses old-style declarator
c:\users\zelator\documents\arcv-master\extern\png\trees.c(408): warning C4131: 'init_block': uses old-style declarator
c:\users\zelator\documents\arcv-master\extern\png\trees.c(452): warning C4131: 'pqdownheap': uses old-style declarator
c:\users\zelator\documents\arcv-master\extern\png\trees.c(487): warning C4131: 'gen_bitlen': uses old-style declarator
c:\users\zelator\documents\arcv-master\extern\png\trees.c(573): warning C4131: 'gen_codes': uses old-style declarator
c:\users\zelator\documents\arcv-master\extern\png\trees.c(616): warning C4131: 'build_tree': uses old-style declarator
c:\users\zelator\documents\arcv-master\extern\png\trees.c(704): warning C4131: 'scan_tree': uses old-style declarator
c:\users\zelator\documents\arcv-master\extern\png\trees.c(724): warning C4244: '+=': conversion from 'int' to 'ush', possible loss of data
c:\users\zelator\documents\arcv-master\extern\png\trees.c(749): warning C4131: 'send_tree': uses old-style declarator
c:\users\zelator\documents\arcv-master\extern\png\trees.c(800): warning C4131: 'build_bl_tree': uses old-style declarator
c:\users\zelator\documents\arcv-master\extern\png\trees.c(835): warning C4131: 'send_all_trees': uses old-style declarator
c:\users\zelator\documents\arcv-master\extern\png\trees.c(864): warning C4131: '_tr_stored_block': uses old-style declarator
c:\users\zelator\documents\arcv-master\extern\png\trees.c(887): warning C4131: '_tr_flush_bits': uses old-style declarator
c:\users\zelator\documents\arcv-master\extern\png\trees.c(897): warning C4131: '_tr_align': uses old-style declarator
c:\users\zelator\documents\arcv-master\extern\png\trees.c(912): warning C4131: '_tr_flush_block': uses old-style declarator
c:\users\zelator\documents\arcv-master\extern\png\trees.c(1015): warning C4131: '_tr_tally': uses old-style declarator
c:\users\zelator\documents\arcv-master\extern\png\trees.c(1065): warning C4131: 'compress_block': uses old-style declarator
c:\users\zelator\documents\arcv-master\extern\png\trees.c(1125): warning C4131: 'detect_data_type': uses old-style declarator
c:\users\zelator\documents\arcv-master\extern\png\trees.c(1159): warning C4131: 'bi_reverse': uses old-style declarator
c:\users\zelator\documents\arcv-master\extern\png\trees.c(1174): warning C4131: 'bi_flush': uses old-style declarator
c:\users\zelator\documents\arcv-master\extern\png\trees.c(1191): warning C4131: 'bi_windup': uses old-style declarator
  uncompr.c
c:\users\zelator\documents\arcv-master\extern\png\uncompr.c(28): warning C4131: 'uncompress2': uses old-style declarator
c:\users\zelator\documents\arcv-master\extern\png\uncompr.c(87): warning C4131: 'uncompress': uses old-style declarator
  zutil.c
c:\users\zelator\documents\arcv-master\extern\png\zutil.c(134): warning C4131: 'zError': uses old-style declarator
c:\users\zelator\documents\arcv-master\extern\png\zutil.c(306): warning C4131: 'zcalloc': uses old-style declarator
c:\users\zelator\documents\arcv-master\extern\png\zutil.c(316): warning C4131: 'zcfree': uses old-style declarator
  Generating Code...
  window.c
c:\users\zelator\documents\arcv-master\extern\glfw\deps\mingw\xinput.h(227): warning C4131: 'XInputEnable': uses old-style declarator
c:\users\zelator\documents\arcv-master\extern\glfw\src\window.c(796): warning C4152: nonstandard extension, function/data pointer conversion in expression
c:\users\zelator\documents\arcv-master\extern\glfw\src\window.c(807): warning C4152: nonstandard extension, function/data pointer conversion in expression
c:\users\zelator\documents\arcv-master\extern\glfw\src\window.c(818): warning C4152: nonstandard extension, function/data pointer conversion in expression
c:\users\zelator\documents\arcv-master\extern\glfw\src\window.c(829): warning C4152: nonstandard extension, function/data pointer conversion in expression
c:\users\zelator\documents\arcv-master\extern\glfw\src\window.c(840): warning C4152: nonstandard extension, function/data pointer conversion in expression
c:\users\zelator\documents\arcv-master\extern\glfw\src\window.c(851): warning C4152: nonstandard extension, function/data pointer conversion in expression
c:\users\zelator\documents\arcv-master\extern\glfw\src\window.c(862): warning C4152: nonstandard extension, function/data pointer conversion in expression
  Matrix.cpp
  ImageColorspace.cpp
c:\users\zelator\documents\arcv-master\include\arcv\math\matrix.hpp(52): warning C4458: declaration of 'colorspace' hides class member
  c:\users\zelator\documents\arcv-master\include\arcv\math\matrix.hpp(83): note: see declaration of 'Arcv::Matrix<float>::colorspace'
  c:\users\zelator\documents\arcv-master\include\arcv\math\matrix.hpp(52): note: while compiling class template member function 'void Arcv::Matrix<float>::setColorspace(Colorspace)'
  c:\users\zelator\documents\arcv-master\src\arcv\processing\imagecolorspace.cpp(56): note: see reference to function template instantiation 'void Arcv::Matrix<float>::setColorspace(Colorspace)' being compiled
  c:\users\zelator\documents\arcv-master\include\arcv\math\matrix.hpp(87): note: see reference to class template instantiation 'Arcv::Matrix<float>' being compiled
c:\users\zelator\documents\arcv-master\include\arcv\math\matrix.hpp(51): warning C4458: declaration of 'channelCount' hides class member
  c:\users\zelator\documents\arcv-master\include\arcv\math\matrix.hpp(82): note: see declaration of 'Arcv::Matrix<float>::channelCount'
  c:\users\zelator\documents\arcv-master\include\arcv\math\matrix.hpp(51): note: while compiling class template member function 'void Arcv::Matrix<float>::setChannelCount(uint8_t)'
  c:\users\zelator\documents\arcv-master\src\arcv\processing\imagecolorspace.cpp(12): note: see reference to function template instantiation 'void Arcv::Matrix<float>::setChannelCount(uint8_t)' being compiled
  ImageDetector.cpp
  ImageFilter.cpp
  ImageFormat.cpp
c:\users\zelator\documents\arcv-master\src\arcv\processing\imageformat.cpp(29): warning C4100: 'file': unreferenced formal parameter
c:\users\zelator\documents\arcv-master\src\arcv\processing\imageformat.cpp(117): warning C4100: 'file': unreferenced formal parameter
c:\users\zelator\documents\arcv-master\src\arcv\processing\imageformat.cpp(121): warning C4100: 'file': unreferenced formal parameter
c:\users\zelator\documents\arcv-master\src\arcv\processing\imageformat.cpp(125): warning C4100: 'file': unreferenced formal parameter
c:\users\zelator\documents\arcv-master\src\arcv\processing\imageformat.cpp(129): warning C4100: 'file': unreferenced formal parameter
c:\users\zelator\documents\arcv-master\src\arcv\processing\imageformat.cpp(129): warning C4100: 'mat': unreferenced formal parameter
c:\users\zelator\documents\arcv-master\src\arcv\processing\imageformat.cpp(197): warning C4100: 'file': unreferenced formal parameter
c:\users\zelator\documents\arcv-master\src\arcv\processing\imageformat.cpp(197): warning C4100: 'mat': unreferenced formal parameter
c:\users\zelator\documents\arcv-master\src\arcv\processing\imageformat.cpp(201): warning C4100: 'file': unreferenced formal parameter
c:\users\zelator\documents\arcv-master\src\arcv\processing\imageformat.cpp(201): warning C4100: 'mat': unreferenced formal parameter
c:\users\zelator\documents\arcv-master\src\arcv\processing\imageformat.cpp(205): warning C4100: 'file': unreferenced formal parameter
c:\users\zelator\documents\arcv-master\src\arcv\processing\imageformat.cpp(205): warning C4100: 'mat': unreferenced formal parameter
c:\users\zelator\documents\arcv-master\include\arcv\math\matrix.inl(18): warning C4244: '=': conversion from 'const float' to 'uint8_t', possible loss of data
  c:\users\zelator\documents\arcv-master\src\arcv\processing\imageformat.cpp(134): note: see reference to function template instantiation 'Arcv::Matrix<uint8_t>::Matrix<float>(const Arcv::Matrix<float> &)' being compiled
  c:\users\zelator\documents\arcv-master\src\arcv\processing\imageformat.cpp(134): note: see reference to function template instantiation 'Arcv::Matrix<uint8_t>::Matrix<float>(const Arcv::Matrix<float> &)' being compiled
c:\program files (x86)\microsoft visual studio\2017\community\vc\tools\msvc\14.14.26428\include\xutility(2443): warning C4244: '=': conversion from 'const float' to 'unsigned char', possible loss of data
  c:\program files (x86)\microsoft visual studio\2017\community\vc\tools\msvc\14.14.26428\include\xutility(2462): note: see reference to function template instantiation '_OutIt std::_Copy_unchecked1<_InIt,_OutIt>(_InIt,_InIt,_OutIt,std::_General_ptr_iterator_tag)' being compiled
          with
          [
              _OutIt=unsigned char *,
              _InIt=const float *
          ]
  c:\program files (x86)\microsoft visual studio\2017\community\vc\tools\msvc\14.14.26428\include\xutility(2475): note: see reference to function template instantiation '_OutIt *std::_Copy_unchecked<const float*,unsigned char*>(_InIt,_InIt,_OutIt)' being compiled
          with
          [
              _OutIt=unsigned char *,
              _InIt=const float *
          ]
  c:\program files (x86)\microsoft visual studio\2017\community\vc\tools\msvc\14.14.26428\include\xutility(2484): note: see reference to function template instantiation '_OutIt std::_Copy_no_deprecate<_InIt,_OutIt>(_InIt,_InIt,_OutIt)' being compiled
          with
          [
              _OutIt=std::_Vector_iterator<std::_Vector_val<std::_Simple_types<uint8_t>>>,
              _InIt=std::_Vector_const_iterator<std::_Vector_val<std::_Simple_types<float>>>
          ]
  c:\users\zelator\documents\arcv-master\include\arcv\math\matrix.inl(23): note: see reference to function template instantiation '_OutIt std::copy<std::_Vector_const_iterator<std::_Vector_val<std::_Simple_types<_Ty>>>,std::_Vector_iterator<std::_Vector_val<std::_Simple_types<unsigned char>>>>(_InIt,_InIt,_OutIt)' being compiled
          with
          [
              _OutIt=std::_Vector_iterator<std::_Vector_val<std::_Simple_types<uint8_t>>>,
              _Ty=float,
              _InIt=std::_Vector_const_iterator<std::_Vector_val<std::_Simple_types<float>>>
          ]
  c:\users\zelator\documents\arcv-master\src\arcv\processing\imageformat.cpp(134): note: see reference to function template instantiation 'Arcv::Matrix<uint8_t>::Matrix<float>(const Arcv::Matrix<float> &)' being compiled
  c:\users\zelator\documents\arcv-master\src\arcv\processing\imageformat.cpp(134): note: see reference to function template instantiation 'Arcv::Matrix<uint8_t>::Matrix<float>(const Arcv::Matrix<float> &)' being compiled
  ImageThreshold.cpp
c:\users\zelator\documents\arcv-master\src\arcv\processing\imagethreshold.cpp(11): warning C4389: '==': signed/unsigned mismatch
c:\users\zelator\documents\arcv-master\src\arcv\processing\imagethreshold.cpp(27): warning C4244: '=': conversion from 'int' to 'float', possible loss of data
c:\users\zelator\documents\arcv-master\src\arcv\processing\imagethreshold.cpp(74): warning C4100: 'upperBounds': unreferenced formal parameter
c:\users\zelator\documents\arcv-master\src\arcv\processing\imagethreshold.cpp(73): warning C4100: 'lowerBounds': unreferenced formal parameter
c:\users\zelator\documents\arcv-master\include\arcv\math\matrix.inl(86): warning C4244: 'initializing': conversion from 'float' to 'size_t', possible loss of data
  c:\users\zelator\documents\arcv-master\include\arcv\math\matrix.inl(76): note: while compiling class template member function 'std::vector<T,std::allocator<_Ty>> Arcv::Matrix<T>::computeStandardDeviations(void) const'
          with
          [
              T=float,
              _Ty=float
          ]
  c:\users\zelator\documents\arcv-master\src\arcv\processing\imagethreshold.cpp(75): note: see reference to function template instantiation 'std::vector<T,std::allocator<_Ty>> Arcv::Matrix<T>::computeStandardDeviations(void) const' being compiled
          with
          [
              T=float,
              _Ty=float
          ]
  c:\users\zelator\documents\arcv-master\include\arcv\math\matrix.hpp(87): note: see reference to class template instantiation 'Arcv::Matrix<float>' being compiled
c:\users\zelator\documents\arcv-master\include\arcv\math\matrix.inl(86): warning C4244: 'initializing': conversion from 'float' to 'const size_t', possible loss of data
c:\users\zelator\documents\arcv-master\include\arcv\math\matrix.inl(95): warning C4244: '=': conversion from 'long double' to 'float', possible loss of data
c:\program files (x86)\microsoft visual studio\2017\community\vc\tools\msvc\14.14.26428\include\functional(508): warning C4244: 'initializing': conversion from 'const size_t' to 'float', possible loss of data
  c:\users\zelator\documents\arcv-master\include\arcv\math\matrix.inl(70): note: see reference to function template instantiation 'std::binder2nd<std::divides<T>> std::bind2nd<std::divides<T>,size_t>(const _Fn &,const _Ty &)' being compiled
          with
          [
              T=float,
              _Fn=std::divides<float>,
              _Ty=size_t
          ]
  c:\users\zelator\documents\arcv-master\include\arcv\math\matrix.inl(56): note: while compiling class template member function 'std::vector<T,std::allocator<_Ty>> Arcv::Matrix<T>::computeAverageValues(void) const'
          with
          [
              T=float,
              _Ty=float
          ]
  c:\users\zelator\documents\arcv-master\include\arcv\math\matrix.inl(77): note: see reference to function template instantiation 'std::vector<T,std::allocator<_Ty>> Arcv::Matrix<T>::computeAverageValues(void) const' being compiled
          with
          [
              T=float,
              _Ty=float
          ]
  c:\users\zelator\documents\arcv-master\include\arcv\math\matrix.inl(76): note: while compiling class template member function 'std::vector<T,std::allocator<_Ty>> Arcv::Matrix<T>::computeStandardDeviations(void) const'
          with
          [
              T=float,
              _Ty=float
          ]
  c:\users\zelator\documents\arcv-master\src\arcv\processing\imagethreshold.cpp(75): note: see reference to function template instantiation 'std::vector<T,std::allocator<_Ty>> Arcv::Matrix<T>::computeStandardDeviations(void) const' being compiled
          with
          [
              T=float,
              _Ty=float
          ]
c:\program files (x86)\microsoft visual studio\2017\community\vc\tools\msvc\14.14.26428\include\algorithm(1404): warning C4244: 'argument': conversion from 'const long double' to 'const float', possible loss of data
  c:\users\zelator\documents\arcv-master\include\arcv\math\matrix.inl(70): note: see reference to function template instantiation '_OutIt std::transform<std::_Vector_const_iterator<std::_Vector_val<std::_Simple_types<_Ty>>>,std::_Vector_iterator<std::_Vector_val<std::_Simple_types<float>>>,std::binder2nd<std::divides<T>>>(const _InIt,const _InIt,_OutIt,_Fn)' being compiled
          with
          [
              _OutIt=std::_Vector_iterator<std::_Vector_val<std::_Simple_types<float>>>,
              _Ty=long double,
              T=float,
              _InIt=std::_Vector_const_iterator<std::_Vector_val<std::_Simple_types<long double>>>,
              _Fn=std::binder2nd<std::divides<float>>
          ]
  Sobel.cpp
  Webcam.cpp
c:\users\zelator\documents\arcv-master\include\arcv\math\matrix.inl(16): warning C4003: not enough actual parameters for macro 'max'
c:\users\zelator\documents\arcv-master\include\arcv\math\matrix.inl(20): warning C4003: not enough actual parameters for macro 'min'
c:\users\zelator\documents\arcv-master\include\arcv\math\matrix.inl(20): warning C4003: not enough actual parameters for macro 'max'
c:\users\zelator\documents\arcv-master\src\arcv\utils\webcam.cpp(18): warning C4100: 'videoIndex': unreferenced formal parameter
c:\users\zelator\documents\arcv-master\src\arcv\utils\webcam.cpp(18): warning C4100: 'height': unreferenced formal parameter
c:\users\zelator\documents\arcv-master\src\arcv\utils\webcam.cpp(18): warning C4100: 'width': unreferenced formal parameter
  Generating Code...
  Window.cpp
c:\users\zelator\documents\arcv-master\src\arcv\utils\window.cpp(109): warning C4100: 'mode': unreferenced formal parameter
c:\users\zelator\documents\arcv-master\src\arcv\utils\window.cpp(109): warning C4100: 'scancode': unreferenced formal parameter
  ArcV.vcxproj -> C:\Users\zelator\Documents\ArcV-master\build\Debug\ArcV.lib
